Using pre-set license
Built from '2021.1/staging' branch; Version is '2021.1.14f1 (51d2f824827f) revision 5362424'; Using compiler version '192528614'; Build Type 'Release'
OS: 'Windows 10 Enterprise; OS build 19042.1348; Version 2009; 64bit' Language: 'en' Physical Memory: 32353 MB
BatchMode: 1, IsHumanControllingUs: 0, StartBugReporterOnCrash: 0, Is64bit: 1, IsPro: 0

 COMMAND LINE ARGUMENTS:
C:\Program Files\Unity\Hub\Editor\2021.1.14f1\Editor\Unity.exe
-adb2
-batchMode
-noUpm
-name
AssetImportWorker0
-projectPath
C:/Git/HauntedHouse/HauntedHouse
-logFile
Logs/AssetImportWorker0.log
-srvPort
65192
Successfully changed project path to: C:/Git/HauntedHouse/HauntedHouse
C:/Git/HauntedHouse/HauntedHouse
Using Asset Import Pipeline V2.
Refreshing native plugins compatible for Editor in 112.79 ms, found 3 plugins.
Preloading 0 native plugins for Editor in 0.00 ms.
Initialize engine version: 2021.1.14f1 (51d2f824827f)
[Subsystems] Discovering subsystems at path C:/Program Files/Unity/Hub/Editor/2021.1.14f1/Editor/Data/Resources/UnitySubsystems
[Subsystems] Discovering subsystems at path C:/Git/HauntedHouse/HauntedHouse/Assets
GfxDevice: creating device client; threaded=0; jobified=0
Direct3D:
    Version:  Direct3D 11.0 [level 11.1]
    Renderer: NVIDIA Quadro RTX 3000 with Max-Q Design (ID=0x1f36)
    Vendor:   NVIDIA
    VRAM:     5982 MB
    Driver:   27.21.14.5257
Initialize mono
Mono path[0] = 'C:/Program Files/Unity/Hub/Editor/2021.1.14f1/Editor/Data/Managed'
Mono path[1] = 'C:/Program Files/Unity/Hub/Editor/2021.1.14f1/Editor/Data/MonoBleedingEdge/lib/mono/unityjit'
Mono config path = 'C:/Program Files/Unity/Hub/Editor/2021.1.14f1/Editor/Data/MonoBleedingEdge/etc'
Using monoOptions --debugger-agent=transport=dt_socket,embedding=1,server=y,suspend=n,address=127.0.0.1:56704
Begin MonoManager ReloadAssembly
Registering precompiled unity dll's ...
Register platform support module: C:/Program Files/Unity/Hub/Editor/2021.1.14f1/Editor/Data/PlaybackEngines/WindowsStandaloneSupport/UnityEditor.WindowsStandalone.Extensions.dll
Registered in 0.002618 seconds.
Native extension for WindowsStandalone target not found
Refreshing native plugins compatible for Editor in 189.89 ms, found 3 plugins.
Preloading 0 native plugins for Editor in 0.00 ms.
Mono: successfully reloaded assembly
- Completed reload, in  1.836 seconds
Domain Reload Profiling:
	ReloadAssembly (1837ms)
		BeginReloadAssembly (53ms)
			ExecutionOrderSort (0ms)
			DisableScriptedObjects (0ms)
			BackupInstance (0ms)
			ReleaseScriptingObjects (0ms)
			CreateAndSetChildDomain (1ms)
		EndReloadAssembly (770ms)
			LoadAssemblies (50ms)
			RebuildTransferFunctionScriptingTraits (0ms)
			SetupTypeCache (275ms)
			ReleaseScriptCaches (0ms)
			RebuildScriptCaches (62ms)
			SetupLoadedEditorAssemblies (378ms)
				LogAssemblyErrors (0ms)
				InitializePlatformSupportModulesInManaged (12ms)
				SetLoadedEditorAssemblies (0ms)
				RefreshPlugins (190ms)
				BeforeProcessingInitializeOnLoad (2ms)
				ProcessInitializeOnLoadAttributes (120ms)
				ProcessInitializeOnLoadMethodAttributes (54ms)
				AfterProcessingInitializeOnLoad (0ms)
				EditorAssembliesLoaded (0ms)
			ExecutionOrderSort2 (0ms)
			AwakeInstancesAfterBackupRestoration (0ms)
Platform modules already initialized, skipping
Registering precompiled user dll's ...
Registered in 0.141358 seconds.
Begin MonoManager ReloadAssembly
Symbol file LoadedFromMemory doesn't match image C:\Git\HauntedHouse\HauntedHouse\Library\PackageCache\com.unity.visualscripting@1.6.1\Editor\VisualScripting.Core\Dependencies\YamlDotNet\Unity.VisualScripting.YamlDotNet.dll
Symbol file LoadedFromMemory doesn't match image C:\Git\HauntedHouse\HauntedHouse\Library\PackageCache\com.unity.visualscripting@1.6.1\Editor\VisualScripting.Core\Dependencies\DotNetZip\Unity.VisualScripting.IonicZip.dll
Native extension for WindowsStandalone target not found
Refreshing native plugins compatible for Editor in 0.82 ms, found 3 plugins.
Preloading 0 native plugins for Editor in 0.00 ms.
Mono: successfully reloaded assembly
- Completed reload, in  1.321 seconds
Domain Reload Profiling:
	ReloadAssembly (1322ms)
		BeginReloadAssembly (154ms)
			ExecutionOrderSort (0ms)
			DisableScriptedObjects (5ms)
			BackupInstance (0ms)
			ReleaseScriptingObjects (0ms)
			CreateAndSetChildDomain (20ms)
		EndReloadAssembly (1098ms)
			LoadAssemblies (96ms)
			RebuildTransferFunctionScriptingTraits (0ms)
			SetupTypeCache (351ms)
			ReleaseScriptCaches (1ms)
			RebuildScriptCaches (54ms)
			SetupLoadedEditorAssemblies (507ms)
				LogAssemblyErrors (0ms)
				InitializePlatformSupportModulesInManaged (6ms)
				SetLoadedEditorAssemblies (0ms)
				RefreshPlugins (1ms)
				BeforeProcessingInitializeOnLoad (74ms)
				ProcessInitializeOnLoadAttributes (412ms)
				ProcessInitializeOnLoadMethodAttributes (5ms)
				AfterProcessingInitializeOnLoad (8ms)
				EditorAssembliesLoaded (0ms)
			ExecutionOrderSort2 (0ms)
			AwakeInstancesAfterBackupRestoration (7ms)
Platform modules already initialized, skipping
========================================================================
Worker process is ready to serve import requests
Launched and connected shader compiler UnityShaderCompiler.exe after 0.40 seconds
Refreshing native plugins compatible for Editor in 0.76 ms, found 3 plugins.
Preloading 0 native plugins for Editor in 0.00 ms.
Unloading 3075 Unused Serialized files (Serialized files now loaded: 0)
System memory in use before: 136.6 MB.
System memory in use after: 136.4 MB.

Unloading 25 unused Assets to reduce memory usage. Loaded Objects now: 3561.
Total: 3.009900 ms (FindLiveObjects: 0.256200 ms CreateObjectMapping: 0.130600 ms MarkObjects: 2.238900 ms  DeleteObjects: 0.383000 ms)

AssetImportParameters requested are different than current active one (requested -> active):
  custom:framework-win-MediaFoundation: 216162199b28c13a410421893ffa2e32 -> 
  custom:video-decoder-ogg-theora: a1e56fd34408186e4bbccfd4996cb3dc -> 
  custom:container-muxer-webm: aa71ff27fc2769a1b78a27578f13a17b -> 
  custom:container-demuxer-webm: 4f35f7cbe854078d1ac9338744f61a02 -> 
  custom:container-demuxer-ogg: 62fdf1f143b41e24485cea50d1cbac27 -> 
  custom:video-encoder-webm-vp8: eb34c28f22e8b96e1ab97ce403110664 -> 
  custom:video-decoder-webm-vp8: 9c59270c3fd7afecdb556c50c9e8de78 -> 
  custom:audio-decoder-ogg-vorbis: bf7c407c2cedff20999df2af8eb42d56 -> 
  custom:audio-encoder-webm-vorbis: bf7c407c2cedff20999df2af8eb42d56 -> 
========================================================================
Received Import Request.
  path: Assets/Scripts/New Lighting Settings.lighting
  artifactKey: Guid(a608a6283dc1bea4db7cbdadb1baed6b) Importer(815301076,1909f56bfc062723c751e8b465ee728b)
Start importing Assets/Scripts/New Lighting Settings.lighting using Guid(a608a6283dc1bea4db7cbdadb1baed6b) Importer(815301076,1909f56bfc062723c751e8b465ee728b)  -> (artifact id: '73194e5939287147aa948ddbecb18ea4') in 0.038197 seconds 
========================================================================
Received Prepare
Registering precompiled user dll's ...
Registered in 0.005716 seconds.
Begin MonoManager ReloadAssembly
Symbol file LoadedFromMemory doesn't match image C:\Git\HauntedHouse\HauntedHouse\Library\PackageCache\com.unity.visualscripting@1.6.1\Editor\VisualScripting.Core\Dependencies\YamlDotNet\Unity.VisualScripting.YamlDotNet.dll
Symbol file LoadedFromMemory doesn't match image C:\Git\HauntedHouse\HauntedHouse\Library\PackageCache\com.unity.visualscripting@1.6.1\Editor\VisualScripting.Core\Dependencies\DotNetZip\Unity.VisualScripting.IonicZip.dll
Native extension for WindowsStandalone target not found
Refreshing native plugins compatible for Editor in 0.81 ms, found 3 plugins.
Preloading 0 native plugins for Editor in 0.00 ms.
Mono: successfully reloaded assembly
- Completed reload, in  1.182 seconds
Domain Reload Profiling:
	ReloadAssembly (1183ms)
		BeginReloadAssembly (154ms)
			ExecutionOrderSort (0ms)
			DisableScriptedObjects (4ms)
			BackupInstance (0ms)
			ReleaseScriptingObjects (0ms)
			CreateAndSetChildDomain (47ms)
		EndReloadAssembly (918ms)
			LoadAssemblies (119ms)
			RebuildTransferFunctionScriptingTraits (0ms)
			SetupTypeCache (318ms)
			ReleaseScriptCaches (1ms)
			RebuildScriptCaches (46ms)
			SetupLoadedEditorAssemblies (321ms)
				LogAssemblyErrors (0ms)
				InitializePlatformSupportModulesInManaged (6ms)
				SetLoadedEditorAssemblies (0ms)
				RefreshPlugins (1ms)
				BeforeProcessingInitializeOnLoad (57ms)
				ProcessInitializeOnLoadAttributes (240ms)
				ProcessInitializeOnLoadMethodAttributes (5ms)
				AfterProcessingInitializeOnLoad (11ms)
				EditorAssembliesLoaded (1ms)
			ExecutionOrderSort2 (0ms)
			AwakeInstancesAfterBackupRestoration (13ms)
Platform modules already initialized, skipping
Refreshing native plugins compatible for Editor in 0.72 ms, found 3 plugins.
Preloading 0 native plugins for Editor in 0.00 ms.
Unloading 3051 Unused Serialized files (Serialized files now loaded: 0)
System memory in use before: 134.7 MB.
System memory in use after: 134.5 MB.

Unloading 20 unused Assets to reduce memory usage. Loaded Objects now: 3564.
Total: 3.152300 ms (FindLiveObjects: 0.230500 ms CreateObjectMapping: 0.119700 ms MarkObjects: 2.361200 ms  DeleteObjects: 0.439500 ms)

AssetImportParameters requested are different than current active one (requested -> active):
  custom:framework-win-MediaFoundation: 216162199b28c13a410421893ffa2e32 -> 
  custom:video-decoder-ogg-theora: a1e56fd34408186e4bbccfd4996cb3dc -> 
  custom:container-muxer-webm: aa71ff27fc2769a1b78a27578f13a17b -> 
  custom:container-demuxer-webm: 4f35f7cbe854078d1ac9338744f61a02 -> 
  custom:container-demuxer-ogg: 62fdf1f143b41e24485cea50d1cbac27 -> 
  custom:video-encoder-webm-vp8: eb34c28f22e8b96e1ab97ce403110664 -> 
  custom:video-decoder-webm-vp8: 9c59270c3fd7afecdb556c50c9e8de78 -> 
  custom:audio-decoder-ogg-vorbis: bf7c407c2cedff20999df2af8eb42d56 -> 
  custom:audio-encoder-webm-vorbis: bf7c407c2cedff20999df2af8eb42d56 -> 
========================================================================
Received Prepare
Registering precompiled user dll's ...
Registered in 0.007595 seconds.
Begin MonoManager ReloadAssembly
Symbol file LoadedFromMemory doesn't match image C:\Git\HauntedHouse\HauntedHouse\Library\PackageCache\com.unity.visualscripting@1.6.1\Editor\VisualScripting.Core\Dependencies\YamlDotNet\Unity.VisualScripting.YamlDotNet.dll
Symbol file LoadedFromMemory doesn't match image C:\Git\HauntedHouse\HauntedHouse\Library\PackageCache\com.unity.visualscripting@1.6.1\Editor\VisualScripting.Core\Dependencies\DotNetZip\Unity.VisualScripting.IonicZip.dll
Native extension for WindowsStandalone target not found
Refreshing native plugins compatible for Editor in 0.98 ms, found 3 plugins.
Preloading 0 native plugins for Editor in 0.00 ms.
Mono: successfully reloaded assembly
- Completed reload, in  1.262 seconds
Domain Reload Profiling:
	ReloadAssembly (1262ms)
		BeginReloadAssembly (127ms)
			ExecutionOrderSort (0ms)
			DisableScriptedObjects (6ms)
			BackupInstance (0ms)
			ReleaseScriptingObjects (0ms)
			CreateAndSetChildDomain (41ms)
		EndReloadAssembly (1064ms)
			LoadAssemblies (104ms)
			RebuildTransferFunctionScriptingTraits (0ms)
			SetupTypeCache (415ms)
			ReleaseScriptCaches (1ms)
			RebuildScriptCaches (43ms)
			SetupLoadedEditorAssemblies (375ms)
				LogAssemblyErrors (0ms)
				InitializePlatformSupportModulesInManaged (6ms)
				SetLoadedEditorAssemblies (1ms)
				RefreshPlugins (1ms)
				BeforeProcessingInitializeOnLoad (67ms)
				ProcessInitializeOnLoadAttributes (285ms)
				ProcessInitializeOnLoadMethodAttributes (5ms)
				AfterProcessingInitializeOnLoad (10ms)
				EditorAssembliesLoaded (0ms)
			ExecutionOrderSort2 (0ms)
			AwakeInstancesAfterBackupRestoration (12ms)
Platform modules already initialized, skipping
Refreshing native plugins compatible for Editor in 1.08 ms, found 3 plugins.
Preloading 0 native plugins for Editor in 0.00 ms.
Unloading 3051 Unused Serialized files (Serialized files now loaded: 0)
System memory in use before: 134.7 MB.
System memory in use after: 134.6 MB.

Unloading 20 unused Assets to reduce memory usage. Loaded Objects now: 3567.
Total: 2.921600 ms (FindLiveObjects: 0.246300 ms CreateObjectMapping: 0.142700 ms MarkObjects: 2.176700 ms  DeleteObjects: 0.354400 ms)

AssetImportParameters requested are different than current active one (requested -> active):
  custom:framework-win-MediaFoundation: 216162199b28c13a410421893ffa2e32 -> 
  custom:video-decoder-ogg-theora: a1e56fd34408186e4bbccfd4996cb3dc -> 
  custom:container-muxer-webm: aa71ff27fc2769a1b78a27578f13a17b -> 
  custom:container-demuxer-webm: 4f35f7cbe854078d1ac9338744f61a02 -> 
  custom:container-demuxer-ogg: 62fdf1f143b41e24485cea50d1cbac27 -> 
  custom:video-encoder-webm-vp8: eb34c28f22e8b96e1ab97ce403110664 -> 
  custom:video-decoder-webm-vp8: 9c59270c3fd7afecdb556c50c9e8de78 -> 
  custom:audio-decoder-ogg-vorbis: bf7c407c2cedff20999df2af8eb42d56 -> 
  custom:audio-encoder-webm-vorbis: bf7c407c2cedff20999df2af8eb42d56 -> 
========================================================================
Received Prepare
Registering precompiled user dll's ...
Registered in 0.018793 seconds.
Begin MonoManager ReloadAssembly
Symbol file LoadedFromMemory doesn't match image C:\Git\HauntedHouse\HauntedHouse\Library\PackageCache\com.unity.visualscripting@1.6.1\Editor\VisualScripting.Core\Dependencies\YamlDotNet\Unity.VisualScripting.YamlDotNet.dll
Symbol file LoadedFromMemory doesn't match image C:\Git\HauntedHouse\HauntedHouse\Library\PackageCache\com.unity.visualscripting@1.6.1\Editor\VisualScripting.Core\Dependencies\DotNetZip\Unity.VisualScripting.IonicZip.dll
Native extension for WindowsStandalone target not found
Refreshing native plugins compatible for Editor in 1.42 ms, found 3 plugins.
Preloading 0 native plugins for Editor in 0.00 ms.
Mono: successfully reloaded assembly
- Completed reload, in  2.336 seconds
Domain Reload Profiling:
	ReloadAssembly (2337ms)
		BeginReloadAssembly (223ms)
			ExecutionOrderSort (0ms)
			DisableScriptedObjects (9ms)
			BackupInstance (0ms)
			ReleaseScriptingObjects (0ms)
			CreateAndSetChildDomain (69ms)
		EndReloadAssembly (1963ms)
			LoadAssemblies (196ms)
			RebuildTransferFunctionScriptingTraits (0ms)
			SetupTypeCache (759ms)
			ReleaseScriptCaches (2ms)
			RebuildScriptCaches (87ms)
			SetupLoadedEditorAssemblies (690ms)
				LogAssemblyErrors (0ms)
				InitializePlatformSupportModulesInManaged (10ms)
				SetLoadedEditorAssemblies (1ms)
				RefreshPlugins (2ms)
				BeforeProcessingInitializeOnLoad (126ms)
				ProcessInitializeOnLoadAttributes (528ms)
				ProcessInitializeOnLoadMethodAttributes (11ms)
				AfterProcessingInitializeOnLoad (13ms)
				EditorAssembliesLoaded (0ms)
			ExecutionOrderSort2 (0ms)
			AwakeInstancesAfterBackupRestoration (15ms)
Platform modules already initialized, skipping
Refreshing native plugins compatible for Editor in 1.94 ms, found 3 plugins.
Preloading 0 native plugins for Editor in 0.00 ms.
Unloading 3051 Unused Serialized files (Serialized files now loaded: 0)
System memory in use before: 134.8 MB.
System memory in use after: 134.6 MB.

Unloading 20 unused Assets to reduce memory usage. Loaded Objects now: 3570.
Total: 5.133000 ms (FindLiveObjects: 0.277800 ms CreateObjectMapping: 0.150100 ms MarkObjects: 4.224800 ms  DeleteObjects: 0.477700 ms)

AssetImportParameters requested are different than current active one (requested -> active):
  custom:framework-win-MediaFoundation: 216162199b28c13a410421893ffa2e32 -> 
  custom:video-decoder-ogg-theora: a1e56fd34408186e4bbccfd4996cb3dc -> 
  custom:container-muxer-webm: aa71ff27fc2769a1b78a27578f13a17b -> 
  custom:container-demuxer-webm: 4f35f7cbe854078d1ac9338744f61a02 -> 
  custom:container-demuxer-ogg: 62fdf1f143b41e24485cea50d1cbac27 -> 
  custom:video-encoder-webm-vp8: eb34c28f22e8b96e1ab97ce403110664 -> 
  custom:video-decoder-webm-vp8: 9c59270c3fd7afecdb556c50c9e8de78 -> 
  custom:audio-decoder-ogg-vorbis: bf7c407c2cedff20999df2af8eb42d56 -> 
  custom:audio-encoder-webm-vorbis: bf7c407c2cedff20999df2af8eb42d56 -> 
========================================================================
Received Prepare
Registering precompiled user dll's ...
Registered in 0.007286 seconds.
Begin MonoManager ReloadAssembly
Symbol file LoadedFromMemory doesn't match image C:\Git\HauntedHouse\HauntedHouse\Library\PackageCache\com.unity.visualscripting@1.6.1\Editor\VisualScripting.Core\Dependencies\YamlDotNet\Unity.VisualScripting.YamlDotNet.dll
Symbol file LoadedFromMemory doesn't match image C:\Git\HauntedHouse\HauntedHouse\Library\PackageCache\com.unity.visualscripting@1.6.1\Editor\VisualScripting.Core\Dependencies\DotNetZip\Unity.VisualScripting.IonicZip.dll
Native extension for WindowsStandalone target not found
Refreshing native plugins compatible for Editor in 0.78 ms, found 3 plugins.
Preloading 0 native plugins for Editor in 0.00 ms.
Mono: successfully reloaded assembly
- Completed reload, in  1.175 seconds
Domain Reload Profiling:
	ReloadAssembly (1175ms)
		BeginReloadAssembly (125ms)
			ExecutionOrderSort (0ms)
			DisableScriptedObjects (4ms)
			BackupInstance (0ms)
			ReleaseScriptingObjects (0ms)
			CreateAndSetChildDomain (38ms)
		EndReloadAssembly (967ms)
			LoadAssemblies (109ms)
			RebuildTransferFunctionScriptingTraits (0ms)
			SetupTypeCache (345ms)
			ReleaseScriptCaches (1ms)
			RebuildScriptCaches (55ms)
			SetupLoadedEditorAssemblies (321ms)
				LogAssemblyErrors (0ms)
				InitializePlatformSupportModulesInManaged (5ms)
				SetLoadedEditorAssemblies (0ms)
				RefreshPlugins (1ms)
				BeforeProcessingInitializeOnLoad (55ms)
				ProcessInitializeOnLoadAttributes (248ms)
				ProcessInitializeOnLoadMethodAttributes (4ms)
				AfterProcessingInitializeOnLoad (7ms)
				EditorAssembliesLoaded (0ms)
			ExecutionOrderSort2 (0ms)
			AwakeInstancesAfterBackupRestoration (8ms)
Platform modules already initialized, skipping
Refreshing native plugins compatible for Editor in 1.06 ms, found 3 plugins.
Preloading 0 native plugins for Editor in 0.00 ms.
Unloading 3051 Unused Serialized files (Serialized files now loaded: 0)
System memory in use before: 134.8 MB.
System memory in use after: 134.6 MB.

Unloading 20 unused Assets to reduce memory usage. Loaded Objects now: 3573.
Total: 2.829300 ms (FindLiveObjects: 0.253100 ms CreateObjectMapping: 0.116800 ms MarkObjects: 2.088500 ms  DeleteObjects: 0.369600 ms)

AssetImportParameters requested are different than current active one (requested -> active):
  custom:framework-win-MediaFoundation: 216162199b28c13a410421893ffa2e32 -> 
  custom:video-decoder-ogg-theora: a1e56fd34408186e4bbccfd4996cb3dc -> 
  custom:container-muxer-webm: aa71ff27fc2769a1b78a27578f13a17b -> 
  custom:container-demuxer-webm: 4f35f7cbe854078d1ac9338744f61a02 -> 
  custom:container-demuxer-ogg: 62fdf1f143b41e24485cea50d1cbac27 -> 
  custom:video-encoder-webm-vp8: eb34c28f22e8b96e1ab97ce403110664 -> 
  custom:video-decoder-webm-vp8: 9c59270c3fd7afecdb556c50c9e8de78 -> 
  custom:audio-decoder-ogg-vorbis: bf7c407c2cedff20999df2af8eb42d56 -> 
  custom:audio-encoder-webm-vorbis: bf7c407c2cedff20999df2af8eb42d56 -> 
========================================================================
Received Prepare
Registering precompiled user dll's ...
Registered in 0.005563 seconds.
Begin MonoManager ReloadAssembly
Symbol file LoadedFromMemory doesn't match image C:\Git\HauntedHouse\HauntedHouse\Library\PackageCache\com.unity.visualscripting@1.6.1\Editor\VisualScripting.Core\Dependencies\YamlDotNet\Unity.VisualScripting.YamlDotNet.dll
Symbol file LoadedFromMemory doesn't match image C:\Git\HauntedHouse\HauntedHouse\Library\PackageCache\com.unity.visualscripting@1.6.1\Editor\VisualScripting.Core\Dependencies\DotNetZip\Unity.VisualScripting.IonicZip.dll
Native extension for WindowsStandalone target not found
Refreshing native plugins compatible for Editor in 0.87 ms, found 3 plugins.
Preloading 0 native plugins for Editor in 0.00 ms.
Mono: successfully reloaded assembly
- Completed reload, in  1.423 seconds
Domain Reload Profiling:
	ReloadAssembly (1423ms)
		BeginReloadAssembly (151ms)
			ExecutionOrderSort (0ms)
			DisableScriptedObjects (4ms)
			BackupInstance (0ms)
			ReleaseScriptingObjects (0ms)
			CreateAndSetChildDomain (45ms)
		EndReloadAssembly (1200ms)
			LoadAssemblies (100ms)
			RebuildTransferFunctionScriptingTraits (0ms)
			SetupTypeCache (375ms)
			ReleaseScriptCaches (1ms)
			RebuildScriptCaches (45ms)
			SetupLoadedEditorAssemblies (545ms)
				LogAssemblyErrors (0ms)
				InitializePlatformSupportModulesInManaged (6ms)
				SetLoadedEditorAssemblies (1ms)
				RefreshPlugins (1ms)
				BeforeProcessingInitializeOnLoad (67ms)
				ProcessInitializeOnLoadAttributes (452ms)
				ProcessInitializeOnLoadMethodAttributes (7ms)
				AfterProcessingInitializeOnLoad (11ms)
				EditorAssembliesLoaded (0ms)
			ExecutionOrderSort2 (0ms)
			AwakeInstancesAfterBackupRestoration (10ms)
Platform modules already initialized, skipping
Refreshing native plugins compatible for Editor in 1.42 ms, found 3 plugins.
Preloading 0 native plugins for Editor in 0.00 ms.
Unloading 3051 Unused Serialized files (Serialized files now loaded: 0)
System memory in use before: 134.8 MB.
System memory in use after: 134.6 MB.

Unloading 20 unused Assets to reduce memory usage. Loaded Objects now: 3576.
Total: 3.257200 ms (FindLiveObjects: 0.274500 ms CreateObjectMapping: 0.173800 ms MarkObjects: 2.407700 ms  DeleteObjects: 0.398900 ms)

AssetImportParameters requested are different than current active one (requested -> active):
  custom:framework-win-MediaFoundation: 216162199b28c13a410421893ffa2e32 -> 
  custom:video-decoder-ogg-theora: a1e56fd34408186e4bbccfd4996cb3dc -> 
  custom:container-muxer-webm: aa71ff27fc2769a1b78a27578f13a17b -> 
  custom:container-demuxer-webm: 4f35f7cbe854078d1ac9338744f61a02 -> 
  custom:container-demuxer-ogg: 62fdf1f143b41e24485cea50d1cbac27 -> 
  custom:video-encoder-webm-vp8: eb34c28f22e8b96e1ab97ce403110664 -> 
  custom:video-decoder-webm-vp8: 9c59270c3fd7afecdb556c50c9e8de78 -> 
  custom:audio-decoder-ogg-vorbis: bf7c407c2cedff20999df2af8eb42d56 -> 
  custom:audio-encoder-webm-vorbis: bf7c407c2cedff20999df2af8eb42d56 -> 
========================================================================
Received Prepare
Registering precompiled user dll's ...
Registered in 0.006480 seconds.
Begin MonoManager ReloadAssembly
Symbol file LoadedFromMemory doesn't match image C:\Git\HauntedHouse\HauntedHouse\Library\PackageCache\com.unity.visualscripting@1.6.1\Editor\VisualScripting.Core\Dependencies\YamlDotNet\Unity.VisualScripting.YamlDotNet.dll
Symbol file LoadedFromMemory doesn't match image C:\Git\HauntedHouse\HauntedHouse\Library\PackageCache\com.unity.visualscripting@1.6.1\Editor\VisualScripting.Core\Dependencies\DotNetZip\Unity.VisualScripting.IonicZip.dll
Native extension for WindowsStandalone target not found
Refreshing native plugins compatible for Editor in 1.63 ms, found 3 plugins.
Preloading 0 native plugins for Editor in 0.00 ms.
Mono: successfully reloaded assembly
- Completed reload, in  1.797 seconds
Domain Reload Profiling:
	ReloadAssembly (1798ms)
		BeginReloadAssembly (111ms)
			ExecutionOrderSort (0ms)
			DisableScriptedObjects (5ms)
			BackupInstance (0ms)
			ReleaseScriptingObjects (0ms)
			CreateAndSetChildDomain (34ms)
		EndReloadAssembly (1600ms)
			LoadAssemblies (91ms)
			RebuildTransferFunctionScriptingTraits (0ms)
			SetupTypeCache (498ms)
			ReleaseScriptCaches (2ms)
			RebuildScriptCaches (169ms)
			SetupLoadedEditorAssemblies (483ms)
				LogAssemblyErrors (0ms)
				InitializePlatformSupportModulesInManaged (12ms)
				SetLoadedEditorAssemblies (1ms)
				RefreshPlugins (2ms)
				BeforeProcessingInitializeOnLoad (113ms)
				ProcessInitializeOnLoadAttributes (339ms)
				ProcessInitializeOnLoadMethodAttributes (6ms)
				AfterProcessingInitializeOnLoad (10ms)
				EditorAssembliesLoaded (0ms)
			ExecutionOrderSort2 (0ms)
			AwakeInstancesAfterBackupRestoration (10ms)
Platform modules already initialized, skipping
Refreshing native plugins compatible for Editor in 0.88 ms, found 3 plugins.
Preloading 0 native plugins for Editor in 0.00 ms.
Unloading 3051 Unused Serialized files (Serialized files now loaded: 0)
System memory in use before: 134.8 MB.
System memory in use after: 134.7 MB.

Unloading 20 unused Assets to reduce memory usage. Loaded Objects now: 3579.
Total: 2.580300 ms (FindLiveObjects: 0.200800 ms CreateObjectMapping: 0.090400 ms MarkObjects: 1.882700 ms  DeleteObjects: 0.405300 ms)

AssetImportParameters requested are different than current active one (requested -> active):
  custom:framework-win-MediaFoundation: 216162199b28c13a410421893ffa2e32 -> 
  custom:video-decoder-ogg-theora: a1e56fd34408186e4bbccfd4996cb3dc -> 
  custom:container-muxer-webm: aa71ff27fc2769a1b78a27578f13a17b -> 
  custom:container-demuxer-webm: 4f35f7cbe854078d1ac9338744f61a02 -> 
  custom:container-demuxer-ogg: 62fdf1f143b41e24485cea50d1cbac27 -> 
  custom:video-encoder-webm-vp8: eb34c28f22e8b96e1ab97ce403110664 -> 
  custom:video-decoder-webm-vp8: 9c59270c3fd7afecdb556c50c9e8de78 -> 
  custom:audio-decoder-ogg-vorbis: bf7c407c2cedff20999df2af8eb42d56 -> 
  custom:audio-encoder-webm-vorbis: bf7c407c2cedff20999df2af8eb42d56 -> 
========================================================================
Received Import Request.
  Time since last request: 1517.350895 seconds.
  path: Assets/Standard Assets/Effects/LightFlares/Flares/50mmZoom.flare
  artifactKey: Guid(54fbbf098d116effa00081aba8ad6659) Importer(815301076,1909f56bfc062723c751e8b465ee728b)
Start importing Assets/Standard Assets/Effects/LightFlares/Flares/50mmZoom.flare using Guid(54fbbf098d116effa00081aba8ad6659) Importer(815301076,1909f56bfc062723c751e8b465ee728b)  -> (artifact id: '76ed3ab88e8a5a599e0bac50f240d13e') in 0.106790 seconds 
========================================================================
Received Import Request.
  Time since last request: 0.000294 seconds.
  path: Assets/Standard Assets/Effects/LightFlares/Flares/Sun.flare
  artifactKey: Guid(09ebe82dbd1113c3d000dc0b8d76c639) Importer(815301076,1909f56bfc062723c751e8b465ee728b)
Start importing Assets/Standard Assets/Effects/LightFlares/Flares/Sun.flare using Guid(09ebe82dbd1113c3d000dc0b8d76c639) Importer(815301076,1909f56bfc062723c751e8b465ee728b)  -> (artifact id: '555b27318f75b74065ad866b01d9087d') in 0.017321 seconds 
========================================================================
Received Import Request.
  Time since last request: 0.000552 seconds.
  path: Assets/Standard Assets/Effects/LightFlares/Flares/FlareSmall.flare
  artifactKey: Guid(9bdb18c49d114cb4300035184241aa39) Importer(815301076,1909f56bfc062723c751e8b465ee728b)
Start importing Assets/Standard Assets/Effects/LightFlares/Flares/FlareSmall.flare using Guid(9bdb18c49d114cb4300035184241aa39) Importer(815301076,1909f56bfc062723c751e8b465ee728b)  -> (artifact id: '52c475883ef14b5d8da7a19e3b211243') in 0.015555 seconds 
========================================================================
Received Import Request.
  Time since last request: 85.734687 seconds.
  path: Assets/SpaceZeta_StreetLamps/Floor_mat.mat
  artifactKey: Guid(194a7e2c4a9fc5f409dca86a97e93fea) Importer(815301076,1909f56bfc062723c751e8b465ee728b)
Start importing Assets/SpaceZeta_StreetLamps/Floor_mat.mat using Guid(194a7e2c4a9fc5f409dca86a97e93fea) Importer(815301076,1909f56bfc062723c751e8b465ee728b)  -> (artifact id: 'cb01c251db9cb0e7c969ac48bf5afaae') in 0.110604 seconds 
========================================================================
Received Import Request.
  Time since last request: 5.394229 seconds.
  path: Assets/Halloween Pumpkin/Pumpkin_01.fbx
  artifactKey: Guid(ab525ca57767c4c40b0c401fc7977cdd) Importer(815301076,1909f56bfc062723c751e8b465ee728b)
Start importing Assets/Halloween Pumpkin/Pumpkin_01.fbx using Guid(ab525ca57767c4c40b0c401fc7977cdd) Importer(815301076,1909f56bfc062723c751e8b465ee728b)  -> (artifact id: 'cba0da1316382284cde77bbe41209f3a') in 0.424410 seconds 
========================================================================
Received Import Request.
  Time since last request: 0.000445 seconds.
  path: Assets/Halloween Pumpkin/pumpkin_lights_01.fbx
  artifactKey: Guid(d806ea601d378ef458ec91cf7c87d801) Importer(815301076,1909f56bfc062723c751e8b465ee728b)
Start importing Assets/Halloween Pumpkin/pumpkin_lights_01.fbx using Guid(d806ea601d378ef458ec91cf7c87d801) Importer(815301076,1909f56bfc062723c751e8b465ee728b)  -> (artifact id: '3d4a04759d4f533e1aec79939a8bd5df') in 0.204355 seconds 
========================================================================
Received Import Request.
  Time since last request: 179.723224 seconds.
  path: Assets/Free Tree 01/M_Tree_01.mat
  artifactKey: Guid(9df4409279f7bd04c9ae6d425a6d03dc) Importer(815301076,1909f56bfc062723c751e8b465ee728b)
Start importing Assets/Free Tree 01/M_Tree_01.mat using Guid(9df4409279f7bd04c9ae6d425a6d03dc) Importer(815301076,1909f56bfc062723c751e8b465ee728b)  -> (artifact id: 'da71b6423f43f87d6c83e64cd8839716') in 0.050923 seconds 
========================================================================
Received Import Request.
  Time since last request: 0.000420 seconds.
  path: Assets/Free Tree 01/Pref_Tree_01.prefab
  artifactKey: Guid(26a1e6f9a2c218545a6922b67ed55bc5) Importer(815301076,1909f56bfc062723c751e8b465ee728b)
Start importing Assets/Free Tree 01/Pref_Tree_01.prefab using Guid(26a1e6f9a2c218545a6922b67ed55bc5) Importer(815301076,1909f56bfc062723c751e8b465ee728b)  -> (artifact id: '6cd31515ab6a3077a76041ee4e05ab15') in 0.041852 seconds 
========================================================================
Received Import Request.
  Time since last request: 4.171453 seconds.
  path: Assets/Halloween Pumpkin/Materials
  artifactKey: Guid(104c7cb8c29c7164bbea2aca0fb448d4) Importer(815301076,1909f56bfc062723c751e8b465ee728b)
Start importing Assets/Halloween Pumpkin/Materials using Guid(104c7cb8c29c7164bbea2aca0fb448d4) Importer(815301076,1909f56bfc062723c751e8b465ee728b)  -> (artifact id: 'e417000da2e435e639e671def3bde376') in 0.015940 seconds 
========================================================================
Received Import Request.
  Time since last request: 0.111487 seconds.
  path: Assets/Halloween Pumpkin/Materials/pumpkin_01.mat
  artifactKey: Guid(06bd56a65624ee049ba225a3cdc7b6d3) Importer(815301076,1909f56bfc062723c751e8b465ee728b)
Start importing Assets/Halloween Pumpkin/Materials/pumpkin_01.mat using Guid(06bd56a65624ee049ba225a3cdc7b6d3) Importer(815301076,1909f56bfc062723c751e8b465ee728b)  -> (artifact id: '290583cbad8d35353bb8f3ebfe67d9ce') in 0.061062 seconds 
========================================================================
Received Import Request.
  Time since last request: 0.000403 seconds.
  path: Assets/Halloween Pumpkin/Materials/pumpkin_lights_01.mat
  artifactKey: Guid(ac0bac7af9f881b4ab8c073060d1fe0d) Importer(815301076,1909f56bfc062723c751e8b465ee728b)
Start importing Assets/Halloween Pumpkin/Materials/pumpkin_lights_01.mat using Guid(ac0bac7af9f881b4ab8c073060d1fe0d) Importer(815301076,1909f56bfc062723c751e8b465ee728b)  -> (artifact id: '1c887727b30d563a1bcf26d0e2de2365') in 0.077592 seconds 
========================================================================
Received Import Request.
  Time since last request: 3.730158 seconds.
  path: Assets/Halloween Pumpkin/Textures/pumpkin_01.png
  artifactKey: Guid(f6979cd0378b478488fe0c9b552c089c) Importer(815301076,1909f56bfc062723c751e8b465ee728b)
Start importing Assets/Halloween Pumpkin/Textures/pumpkin_01.png using Guid(f6979cd0378b478488fe0c9b552c089c) Importer(815301076,1909f56bfc062723c751e8b465ee728b)  -> (artifact id: '53c27eb498c1299170d1e24d5b660901') in 0.065546 seconds 
========================================================================
Received Import Request.
  Time since last request: 0.000405 seconds.
  path: Assets/Halloween Pumpkin/Textures/pumpkin_01_emit.png
  artifactKey: Guid(80e261dc588475c48a95f5fb6ea67b72) Importer(815301076,1909f56bfc062723c751e8b465ee728b)
Start importing Assets/Halloween Pumpkin/Textures/pumpkin_01_emit.png using Guid(80e261dc588475c48a95f5fb6ea67b72) Importer(815301076,1909f56bfc062723c751e8b465ee728b)  -> (artifact id: '04de10d45e49e1e56bb596c73aecc367') in 0.072536 seconds 
========================================================================
Received Import Request.
  Time since last request: 0.000624 seconds.
  path: Assets/Halloween Pumpkin/Textures/pumpkin_01_ao.png
  artifactKey: Guid(bb14e1fec0c289f428ccc03312edea49) Importer(815301076,1909f56bfc062723c751e8b465ee728b)
Start importing Assets/Halloween Pumpkin/Textures/pumpkin_01_ao.png using Guid(bb14e1fec0c289f428ccc03312edea49) Importer(815301076,1909f56bfc062723c751e8b465ee728b)  -> (artifact id: '4f9f4b328718a0e947a0378bba259474') in 0.057105 seconds 
========================================================================
Received Import Request.
  Time since last request: 0.000366 seconds.
  path: Assets/Halloween Pumpkin/Textures/pumpkin_01_rgh.png
  artifactKey: Guid(4257dec214e4b5d42879a162d4fedcde) Importer(815301076,1909f56bfc062723c751e8b465ee728b)
Start importing Assets/Halloween Pumpkin/Textures/pumpkin_01_rgh.png using Guid(4257dec214e4b5d42879a162d4fedcde) Importer(815301076,1909f56bfc062723c751e8b465ee728b)  -> (artifact id: '45d7dc455e173970959a4c81d1f72bdf') in 0.059596 seconds 
========================================================================
Received Import Request.
  Time since last request: 0.000329 seconds.
  path: Assets/Halloween Pumpkin/Textures/pumpkin_lights_01_emit.png
  artifactKey: Guid(47b2eff22977f1f4988bd2bc015d31be) Importer(815301076,1909f56bfc062723c751e8b465ee728b)
Start importing Assets/Halloween Pumpkin/Textures/pumpkin_lights_01_emit.png using Guid(47b2eff22977f1f4988bd2bc015d31be) Importer(815301076,1909f56bfc062723c751e8b465ee728b)  -> (artifact id: '8e232044b291d04cae9d317cd53b9bf8') in 0.081413 seconds 
========================================================================
Received Import Request.
  Time since last request: 0.000635 seconds.
  path: Assets/Halloween Pumpkin/Textures/pumpkin_lights_01_rgh.png
  artifactKey: Guid(9d9719f52bc739f4798d7da5a6235d70) Importer(815301076,1909f56bfc062723c751e8b465ee728b)
Start importing Assets/Halloween Pumpkin/Textures/pumpkin_lights_01_rgh.png using Guid(9d9719f52bc739f4798d7da5a6235d70) Importer(815301076,1909f56bfc062723c751e8b465ee728b)  -> (artifact id: '15451421a180768e52fbb405086946e0') in 0.050020 seconds 
========================================================================
Received Import Request.
  Time since last request: 0.000325 seconds.
  path: Assets/Halloween Pumpkin/Textures/pumpkin_lights_01.png
  artifactKey: Guid(655d39de35cb42146a8147aa9e84a62a) Importer(815301076,1909f56bfc062723c751e8b465ee728b)
Start importing Assets/Halloween Pumpkin/Textures/pumpkin_lights_01.png using Guid(655d39de35cb42146a8147aa9e84a62a) Importer(815301076,1909f56bfc062723c751e8b465ee728b)  -> (artifact id: 'f0111ab362e6e082b705f7b19caafbb0') in 0.033339 seconds 
========================================================================
Received Import Request.
  Time since last request: 0.000442 seconds.
  path: Assets/Halloween Pumpkin/Textures/pumpkin_01_nm.png
  artifactKey: Guid(dae8b3031f9ff744ca51462dfc5b8e07) Importer(815301076,1909f56bfc062723c751e8b465ee728b)
Start importing Assets/Halloween Pumpkin/Textures/pumpkin_01_nm.png using Guid(dae8b3031f9ff744ca51462dfc5b8e07) Importer(815301076,1909f56bfc062723c751e8b465ee728b)  -> (artifact id: 'ebc7a5ca50adbdf20e53c32c0ed202e4') in 0.085357 seconds 
========================================================================
Received Import Request.
  Time since last request: 0.000317 seconds.
  path: Assets/Halloween Pumpkin/Textures/pumpkin_lights_01_nm.png
  artifactKey: Guid(86a257535fac3af4b81281b3d6763788) Importer(815301076,1909f56bfc062723c751e8b465ee728b)
Start importing Assets/Halloween Pumpkin/Textures/pumpkin_lights_01_nm.png using Guid(86a257535fac3af4b81281b3d6763788) Importer(815301076,1909f56bfc062723c751e8b465ee728b)  -> (artifact id: '9b31b125870ded1093f3a162d46cf8d1') in 0.044151 seconds 
========================================================================
Received Import Request.
  Time since last request: 0.000348 seconds.
  path: Assets/Halloween Pumpkin/Textures/pumpkin_lights_01_ao.png
  artifactKey: Guid(c8c2fdfb34c07844f88c188359543c35) Importer(815301076,1909f56bfc062723c751e8b465ee728b)
Start importing Assets/Halloween Pumpkin/Textures/pumpkin_lights_01_ao.png using Guid(c8c2fdfb34c07844f88c188359543c35) Importer(815301076,1909f56bfc062723c751e8b465ee728b)  -> (artifact id: '56f940723419eab5ca4fa44f22d3eb5c') in 0.033541 seconds 
========================================================================
Received Import Request.
  Time since last request: 11.194535 seconds.
  path: Assets/pumpkin monster/Prefab/pumpkin.prefab
  artifactKey: Guid(149914faacece2940a120e1783c4c6a9) Importer(815301076,1909f56bfc062723c751e8b465ee728b)
Start importing Assets/pumpkin monster/Prefab/pumpkin.prefab using Guid(149914faacece2940a120e1783c4c6a9) Importer(815301076,1909f56bfc062723c751e8b465ee728b)  -> (artifact id: '08e0bb2ee993cf40ca73eca5f5df2e67') in 0.217026 seconds 
========================================================================
Received Import Request.
  Time since last request: 53.388682 seconds.
  path: Assets/pumpkin monster/Material/matBody.mat
  artifactKey: Guid(c50d5a868339f4948882c480166108f4) Importer(815301076,1909f56bfc062723c751e8b465ee728b)
Start importing Assets/pumpkin monster/Material/matBody.mat using Guid(c50d5a868339f4948882c480166108f4) Importer(815301076,1909f56bfc062723c751e8b465ee728b)  -> (artifact id: '25183c9fae8e137cdbcfb2eda56b4f6c') in 0.136645 seconds 
========================================================================
Received Import Request.
  Time since last request: 0.000360 seconds.
  path: Assets/pumpkin monster/Material/matCloth.mat
  artifactKey: Guid(990dd171bdb025e4e956181c2d413363) Importer(815301076,1909f56bfc062723c751e8b465ee728b)
Start importing Assets/pumpkin monster/Material/matCloth.mat using Guid(990dd171bdb025e4e956181c2d413363) Importer(815301076,1909f56bfc062723c751e8b465ee728b)  -> (artifact id: '64126adc4af530f70c8303fda1a5dc42') in 0.146455 seconds 
========================================================================
Received Import Request.
  Time since last request: 0.000319 seconds.
  path: Assets/pumpkin monster/Material/matHead.mat
  artifactKey: Guid(8daa4a86554ea684087a4d7760d854f4) Importer(815301076,1909f56bfc062723c751e8b465ee728b)
Start importing Assets/pumpkin monster/Material/matHead.mat using Guid(8daa4a86554ea684087a4d7760d854f4) Importer(815301076,1909f56bfc062723c751e8b465ee728b)  -> (artifact id: '33ae27cfae12f0b84883987a193fa0c6') in 0.105455 seconds 
========================================================================
Received Import Request.
  Time since last request: 0.000365 seconds.
  path: Assets/pumpkin monster/Material/matGround.mat
  artifactKey: Guid(b13970a921ff97d4dabb962472af1f2b) Importer(815301076,1909f56bfc062723c751e8b465ee728b)
Start importing Assets/pumpkin monster/Material/matGround.mat using Guid(b13970a921ff97d4dabb962472af1f2b) Importer(815301076,1909f56bfc062723c751e8b465ee728b)  -> (artifact id: '88a68efd6721b8b6defd6d19a2ddbbd5') in 0.024308 seconds 
========================================================================
Received Import Request.
  Time since last request: 100.573039 seconds.
  path: Assets/pumpkin monster/Base mesh/pumpkin.fbx
  artifactKey: Guid(698d7543eef02b44eb8758d362a8f1d0) Importer(815301076,1909f56bfc062723c751e8b465ee728b)
Start importing Assets/pumpkin monster/Base mesh/pumpkin.fbx using Guid(698d7543eef02b44eb8758d362a8f1d0) Importer(815301076,1909f56bfc062723c751e8b465ee728b)  -> (artifact id: '6d0da5754f3f600b240c9a57d8b439ca') in 0.110893 seconds 
========================================================================
Received Import Request.
  Time since last request: 4.950023 seconds.
  path: Assets/pumpkin monster/Textures/low_matBody_AlbedoTransparency.png
  artifactKey: Guid(22fcc0a20a65d3f488c047327b9ff98f) Importer(815301076,1909f56bfc062723c751e8b465ee728b)
Start importing Assets/pumpkin monster/Textures/low_matBody_AlbedoTransparency.png using Guid(22fcc0a20a65d3f488c047327b9ff98f) Importer(815301076,1909f56bfc062723c751e8b465ee728b)  -> (artifact id: '990bd7077f157828885ddc5530a4c38d') in 0.049268 seconds 
========================================================================
Received Import Request.
  Time since last request: 0.000295 seconds.
  path: Assets/pumpkin monster/Textures/matCloth_Mixed_AO.png
  artifactKey: Guid(719b97bad2d55bc419c48a62f5449fe5) Importer(815301076,1909f56bfc062723c751e8b465ee728b)
Start importing Assets/pumpkin monster/Textures/matCloth_Mixed_AO.png using Guid(719b97bad2d55bc419c48a62f5449fe5) Importer(815301076,1909f56bfc062723c751e8b465ee728b)  -> (artifact id: 'a98b8cfe72f045edb85022b73a04f82a') in 0.062844 seconds 
========================================================================
Received Import Request.
  Time since last request: 0.000292 seconds.
  path: Assets/pumpkin monster/Textures/low_matHead_AlbedoTransparency.png
  artifactKey: Guid(747e6675d2f0bc64c80d220457241cc6) Importer(815301076,1909f56bfc062723c751e8b465ee728b)
Start importing Assets/pumpkin monster/Textures/low_matHead_AlbedoTransparency.png using Guid(747e6675d2f0bc64c80d220457241cc6) Importer(815301076,1909f56bfc062723c751e8b465ee728b)  -> (artifact id: '8156ef4bc8e013ab735c5e48f79eafc9') in 0.068461 seconds 
========================================================================
Received Import Request.
  Time since last request: 0.000434 seconds.
  path: Assets/pumpkin monster/Textures/low_matCloth_Normal.png
  artifactKey: Guid(e299f34bb4da1fb43873accf540e6112) Importer(815301076,1909f56bfc062723c751e8b465ee728b)
Start importing Assets/pumpkin monster/Textures/low_matCloth_Normal.png using Guid(e299f34bb4da1fb43873accf540e6112) Importer(815301076,1909f56bfc062723c751e8b465ee728b)  -> (artifact id: '6bf0c31c3d1ae35760f7129f1558b300') in 0.079725 seconds 
========================================================================
Received Import Request.
  Time since last request: 0.000409 seconds.
  path: Assets/pumpkin monster/Textures/low_matHead_MetallicSmoothness.png
  artifactKey: Guid(b1fa87786a4554f40a73a137d309fc31) Importer(815301076,1909f56bfc062723c751e8b465ee728b)
Start importing Assets/pumpkin monster/Textures/low_matHead_MetallicSmoothness.png using Guid(b1fa87786a4554f40a73a137d309fc31) Importer(815301076,1909f56bfc062723c751e8b465ee728b)  -> (artifact id: 'a373176dd76c46031532905906398b37') in 0.079846 seconds 
========================================================================
Received Import Request.
  Time since last request: 0.000390 seconds.
  path: Assets/pumpkin monster/Textures/matBody_Mixed_AO.png
  artifactKey: Guid(ddd09dbf92c4aa142beca3679c4bb7b2) Importer(815301076,1909f56bfc062723c751e8b465ee728b)
Start importing Assets/pumpkin monster/Textures/matBody_Mixed_AO.png using Guid(ddd09dbf92c4aa142beca3679c4bb7b2) Importer(815301076,1909f56bfc062723c751e8b465ee728b)  -> (artifact id: '778722b6e25c67ef0d43fa18f18a1f4a') in 0.053626 seconds 
========================================================================
Received Import Request.
  Time since last request: 0.000295 seconds.
  path: Assets/pumpkin monster/Textures/low_matBody_Emission.png
  artifactKey: Guid(158b7f4a3520b3c43a6dbb001c20cb53) Importer(815301076,1909f56bfc062723c751e8b465ee728b)
Start importing Assets/pumpkin monster/Textures/low_matBody_Emission.png using Guid(158b7f4a3520b3c43a6dbb001c20cb53) Importer(815301076,1909f56bfc062723c751e8b465ee728b)  -> (artifact id: '01afc206f911e7e6fa5d39c9758d83fc') in 0.033405 seconds 
========================================================================
Received Import Request.
  Time since last request: 0.000419 seconds.
  path: Assets/pumpkin monster/Textures/low_matCloth_MetallicSmoothness.png
  artifactKey: Guid(fbd6c0c62fd55334db597a178ae60659) Importer(815301076,1909f56bfc062723c751e8b465ee728b)
Start importing Assets/pumpkin monster/Textures/low_matCloth_MetallicSmoothness.png using Guid(fbd6c0c62fd55334db597a178ae60659) Importer(815301076,1909f56bfc062723c751e8b465ee728b)  -> (artifact id: 'b8334fe5f28bafe0e69dd9606a3f28d1') in 0.040462 seconds 
========================================================================
Received Import Request.
  Time since last request: 0.000358 seconds.
  path: Assets/pumpkin monster/Textures/low_matBody_Normal.png
  artifactKey: Guid(9ffd7fb2884986c4ebdfa0eba7e56fbd) Importer(815301076,1909f56bfc062723c751e8b465ee728b)
Start importing Assets/pumpkin monster/Textures/low_matBody_Normal.png using Guid(9ffd7fb2884986c4ebdfa0eba7e56fbd) Importer(815301076,1909f56bfc062723c751e8b465ee728b)  -> (artifact id: 'ca045e0e69be7aac3280685301edea05') in 0.052052 seconds 
========================================================================
Received Import Request.
  Time since last request: 0.000288 seconds.
  path: Assets/pumpkin monster/Textures/low_matBody_MetallicSmoothness.png
  artifactKey: Guid(76e5f9ff30c40194aadf42e667d16cc0) Importer(815301076,1909f56bfc062723c751e8b465ee728b)
Start importing Assets/pumpkin monster/Textures/low_matBody_MetallicSmoothness.png using Guid(76e5f9ff30c40194aadf42e667d16cc0) Importer(815301076,1909f56bfc062723c751e8b465ee728b)  -> (artifact id: '46a862607b030a73c9feec82fccd0c8f') in 0.054857 seconds 
========================================================================
Received Import Request.
  Time since last request: 0.000408 seconds.
  path: Assets/pumpkin monster/Textures/low_matCloth_AlbedoTransparency.png
  artifactKey: Guid(c24b7886bc37884469e6b6d4bcb37521) Importer(815301076,1909f56bfc062723c751e8b465ee728b)
Start importing Assets/pumpkin monster/Textures/low_matCloth_AlbedoTransparency.png using Guid(c24b7886bc37884469e6b6d4bcb37521) Importer(815301076,1909f56bfc062723c751e8b465ee728b)  -> (artifact id: '739f2c843de795dfb93a4d5f076f6b8b') in 0.062572 seconds 
========================================================================
Received Import Request.
  Time since last request: 0.000333 seconds.
  path: Assets/pumpkin monster/Textures/low_matHead_Normal.png
  artifactKey: Guid(22ef6cf445bb1dc4e9f5bad6d2952476) Importer(815301076,1909f56bfc062723c751e8b465ee728b)
Start importing Assets/pumpkin monster/Textures/low_matHead_Normal.png using Guid(22ef6cf445bb1dc4e9f5bad6d2952476) Importer(815301076,1909f56bfc062723c751e8b465ee728b)  -> (artifact id: '437e9d29620ba0d36b85a0e8725eca99') in 0.058388 seconds 
========================================================================
Received Import Request.
  Time since last request: 9.696928 seconds.
  path: Assets/pumpkin monster/Textures/matHead_Mixed_AO.png
  artifactKey: Guid(c0e44877c95d1d645ba9855202d69dbe) Importer(815301076,1909f56bfc062723c751e8b465ee728b)
Start importing Assets/pumpkin monster/Textures/matHead_Mixed_AO.png using Guid(c0e44877c95d1d645ba9855202d69dbe) Importer(815301076,1909f56bfc062723c751e8b465ee728b)  -> (artifact id: '1ec86e57c48a71e7c332a6b8b1d8c3f3') in 0.066663 seconds 
========================================================================
Received Import Request.
  Time since last request: 12.054825 seconds.
  path: Assets/pumpkin monster/pumpkin demo.unity
  artifactKey: Guid(f708003aec3530c4c85c318057613da7) Importer(815301076,1909f56bfc062723c751e8b465ee728b)
Start importing Assets/pumpkin monster/pumpkin demo.unity using Guid(f708003aec3530c4c85c318057613da7) Importer(815301076,1909f56bfc062723c751e8b465ee728b)  -> (artifact id: 'bd06698ac92a6daf8511f5d70d731588') in 0.012850 seconds 
========================================================================
Received Import Request.
  Time since last request: 47.610671 seconds.
  path: Assets/Scenes/SampleScene.unity
  artifactKey: Guid(9fc0d4010bbf28b4594072e72b8655ab) Importer(815301076,1909f56bfc062723c751e8b465ee728b)
Start importing Assets/Scenes/SampleScene.unity using Guid(9fc0d4010bbf28b4594072e72b8655ab) Importer(815301076,1909f56bfc062723c751e8b465ee728b)  -> (artifact id: 'dbba92f74b47f4e03e3446517d074099') in 0.024726 seconds 
AssetImportWorkerClient::OnTransportError - code=2 error=End of file
